
Gurobi 6.5.1 (mac64) logging started Thu Aug 18 10:56:33 2016

Set parameter TimeLimit to value 3600

Gurobi Optimizer version 6.5.0 build v6.5.1rc3 (mac64)
Copyright (c) 2015, Gurobi Optimization, Inc.

Warning: unknown variable '+' in integer section
Warning: unknown variable '-' in integer section
Warning: unknown variable '12' in integer section
Warning: unknown variable '0.500000' in integer section
Warning: unknown variable '2.000000' in integer section
Warning: unknown variable '20' in integer section
WARNING: Numeric variable name in LP file ('12') - often the result
         of a constant term in the left-hand side of a constraint.

Read LP format model from file ILPmodel.lp
Reading time = 0.00 seconds
(null): 1213 rows, 711 columns, 3674 nonzeros
Optimize a model with 1213 rows, 711 columns and 3674 nonzeros
Coefficient statistics:
  Matrix range    [5e-01, 1e+05]
  Objective range [1e+00, 5e+03]
  Bounds range    [1e+00, 1e+00]
  RHS range       [1e+00, 2e+04]
Presolve removed 498 rows and 315 columns
Presolve time: 0.02s
Presolved: 715 rows, 396 columns, 1970 nonzeros
Variable types: 0 continuous, 396 integer (200 binary)

Root relaxation: objective 6.069981e+05, 372 iterations, 0.01 seconds

    Nodes    |    Current Node    |     Objective Bounds      |     Work
 Expl Unexpl |  Obj  Depth IntInf | Incumbent    BestBd   Gap | It/Node Time

     0     0 606998.134    0  137          - 606998.134      -     -    0s
H    0     0                    610765.00000 606998.134  0.62%     -    0s
H    0     0                    609239.00000 606998.134  0.37%     -    0s
     0     0 607185.418    0  130 609239.000 607185.418  0.34%     -    0s
H    0     0                    608022.00000 607185.418  0.14%     -    0s
     0     0 607185.418    0  129 608022.000 607185.418  0.14%     -    0s
     0     0 607339.821    0  104 608022.000 607339.821  0.11%     -    0s
H    0     0                    607924.00000 607339.821  0.10%     -    0s
     0     0 607339.821    0  109 607924.000 607339.821  0.10%     -    0s
     0     0 607365.654    0  141 607924.000 607365.654  0.09%     -    0s
     0     0 607365.654    0  141 607924.000 607365.654  0.09%     -    0s
     0     0 607378.519    0  127 607924.000 607378.519  0.09%     -    0s
H    0     0                    607905.00000 607378.519  0.09%     -    0s
     0     0 607378.809    0  128 607905.000 607378.809  0.09%     -    0s
     0     0 607381.205    0  124 607905.000 607381.205  0.09%     -    0s
     0     0 607381.205    0  125 607905.000 607381.205  0.09%     -    0s
     0     0 607381.205    0  117 607905.000 607381.205  0.09%     -    0s
H    0     0                    607758.00000 607381.205  0.06%     -    0s
H    0     0                    607635.00000 607381.205  0.04%     -    0s
H    0     0                    607616.00000 607381.205  0.04%     -    0s
     0     0 607381.205    0  111 607616.000 607381.205  0.04%     -    0s
     0     0 607381.205    0   46 607616.000 607381.205  0.04%     -    0s
     0     0 607381.205    0  121 607616.000 607381.205  0.04%     -    0s
     0     0 607426.666    0  124 607616.000 607426.666  0.03%     -    0s
H    0     0                    607573.00000 607426.666  0.02%     -    0s
H    0     0                    607541.00000 607426.666  0.02%     -    0s
     0     0 607427.374    0   48 607541.000 607427.374  0.02%     -    0s
     0     0 607428.210    0  129 607541.000 607428.210  0.02%     -    0s
     0     0 607428.210    0  119 607541.000 607428.210  0.02%     -    0s
H    0     0                    607514.00000 607428.210  0.01%     -    0s
     0     2 607428.210    0  118 607514.000 607428.210  0.01%     -    0s
H  160    56                    607493.00000 607442.992  0.01%   4.3    0s
*  335    73              18    607477.00000 607442.993  0.01%   4.2    0s

Cutting planes:
  Gomory: 17
  Implied bound: 4
  MIR: 45
  Flow cover: 1
  Zero half: 2

Explored 366 nodes (3030 simplex iterations) in 0.33 seconds
Thread count was 4 (of 4 available processors)

Optimal solution found (tolerance 1.00e-04)
Best objective 6.074770000000e+05, best bound 6.074430000000e+05, gap 0.0056%

Wrote result file 'ILPmodel.sol'


Gurobi 6.5.1 (mac64) logging started Thu Aug 18 10:56:45 2016

Set parameter TimeLimit to value 3600

Gurobi Optimizer version 6.5.0 build v6.5.1rc3 (mac64)
Copyright (c) 2015, Gurobi Optimization, Inc.

Warning: unknown variable '+' in integer section
Warning: unknown variable '-' in integer section
Warning: unknown variable '20' in integer section
Warning: unknown variable '12' in integer section
Warning: unknown variable '0.500000' in integer section
Warning: unknown variable '2.000000' in integer section
WARNING: Numeric variable name in LP file ('20') - often the result
         of a constant term in the left-hand side of a constraint.

Read LP format model from file ILPmodel.lp
Reading time = 0.01 seconds
(null): 2408 rows, 1301 columns, 8008 nonzeros

Unable to retrieve attribute 'X'


ERROR 10010: Model too large for current Gurobi license


Gurobi 6.5.1 (mac64) logging started Thu Aug 18 10:56:48 2016

Set parameter TimeLimit to value 3600

Gurobi Optimizer version 6.5.0 build v6.5.1rc3 (mac64)
Copyright (c) 2015, Gurobi Optimization, Inc.

Warning: unknown variable '+' in integer section
Warning: unknown variable '-' in integer section
Warning: unknown variable '20' in integer section
Warning: unknown variable '12' in integer section
Warning: unknown variable '0.500000' in integer section
Warning: unknown variable '2.000000' in integer section
WARNING: Numeric variable name in LP file ('20') - often the result
         of a constant term in the left-hand side of a constraint.

Read LP format model from file ILPmodel.lp
Reading time = 0.02 seconds
(null): 4804 rows, 2391 columns, 16529 nonzeros

Unable to retrieve attribute 'X'


ERROR 10010: Model too large for current Gurobi license


Gurobi 6.5.1 (mac64) logging started Thu Aug 18 10:56:53 2016

Set parameter TimeLimit to value 3600

Gurobi Optimizer version 6.5.0 build v6.5.1rc3 (mac64)
Copyright (c) 2015, Gurobi Optimization, Inc.

Warning: unknown variable '+' in integer section
Warning: unknown variable '-' in integer section
Warning: unknown variable '20' in integer section
Warning: unknown variable '12' in integer section
Warning: unknown variable '0.500000' in integer section
Warning: unknown variable '2.000000' in integer section
WARNING: Numeric variable name in LP file ('20') - often the result
         of a constant term in the left-hand side of a constraint.

Read LP format model from file ILPmodel.lp
Reading time = 0.02 seconds
(null): 4804 rows, 2391 columns, 16529 nonzeros

Unable to retrieve attribute 'X'


ERROR 10010: Model too large for current Gurobi license


Gurobi 6.5.1 (mac64) logging started Thu Aug 18 10:56:58 2016

Set parameter TimeLimit to value 3600

Gurobi Optimizer version 6.5.0 build v6.5.1rc3 (mac64)
Copyright (c) 2015, Gurobi Optimization, Inc.

Warning: unknown variable '+' in integer section
Warning: unknown variable '-' in integer section
Warning: unknown variable '12' in integer section
Warning: unknown variable '20' in integer section
Warning: unknown variable '0.500000' in integer section
Warning: unknown variable '2.000000' in integer section
WARNING: Numeric variable name in LP file ('12') - often the result
         of a constant term in the left-hand side of a constraint.

Read LP format model from file ILPmodel.lp
Reading time = 0.02 seconds
(null): 4578 rows, 2327 columns, 15966 nonzeros

Unable to retrieve attribute 'X'


ERROR 10010: Model too large for current Gurobi license


Gurobi 6.5.1 (mac64) logging started Thu Aug 18 10:57:04 2016

Set parameter TimeLimit to value 3600

Gurobi Optimizer version 6.5.0 build v6.5.1rc3 (mac64)
Copyright (c) 2015, Gurobi Optimization, Inc.

Warning: unknown variable '+' in integer section
Warning: unknown variable '-' in integer section
Warning: unknown variable '12' in integer section
Warning: unknown variable '20' in integer section
Warning: unknown variable '0.500000' in integer section
Warning: unknown variable '2.000000' in integer section
WARNING: Numeric variable name in LP file ('12') - often the result
         of a constant term in the left-hand side of a constraint.

Read LP format model from file ILPmodel.lp
Reading time = 0.02 seconds
(null): 4268 rows, 2183 columns, 14562 nonzeros

Unable to retrieve attribute 'X'


ERROR 10010: Model too large for current Gurobi license


Gurobi 6.5.1 (mac64) logging started Thu Aug 18 10:57:56 2016

Set parameter TimeLimit to value 3600

Gurobi Optimizer version 6.5.0 build v6.5.1rc3 (mac64)
Copyright (c) 2015, Gurobi Optimization, Inc.

Warning: unknown variable '+' in integer section
Warning: unknown variable '-' in integer section
Warning: unknown variable '20' in integer section
Warning: unknown variable '12' in integer section
Warning: unknown variable '0.500000' in integer section
Warning: unknown variable '2.000000' in integer section
WARNING: Numeric variable name in LP file ('20') - often the result
         of a constant term in the left-hand side of a constraint.

Read LP format model from file ILPmodel.lp
Reading time = 0.01 seconds
(null): 2483 rows, 1340 columns, 8418 nonzeros

Unable to retrieve attribute 'X'


ERROR 10010: Model too large for current Gurobi license


Gurobi 6.5.1 (mac64) logging started Thu Aug 18 10:58:02 2016

Set parameter TimeLimit to value 3600

Gurobi Optimizer version 6.5.0 build v6.5.1rc3 (mac64)
Copyright (c) 2015, Gurobi Optimization, Inc.

Warning: unknown variable '+' in integer section
Warning: unknown variable '-' in integer section
Warning: unknown variable '20' in integer section
Warning: unknown variable '12' in integer section
Warning: unknown variable '0.500000' in integer section
Warning: unknown variable '2.000000' in integer section
WARNING: Numeric variable name in LP file ('20') - often the result
         of a constant term in the left-hand side of a constraint.

Read LP format model from file ILPmodel.lp
Reading time = 0.01 seconds
(null): 2483 rows, 1340 columns, 8418 nonzeros

Unable to retrieve attribute 'X'


ERROR 10010: Model too large for current Gurobi license


Gurobi 6.5.1 (mac64) logging started Thu Aug 18 10:58:07 2016

Set parameter TimeLimit to value 3600

Gurobi Optimizer version 6.5.0 build v6.5.1rc3 (mac64)
Copyright (c) 2015, Gurobi Optimization, Inc.

Warning: unknown variable '+' in integer section
Warning: unknown variable '-' in integer section
Warning: unknown variable '20' in integer section
Warning: unknown variable '12' in integer section
Warning: unknown variable '0.500000' in integer section
Warning: unknown variable '2.000000' in integer section
WARNING: Numeric variable name in LP file ('20') - often the result
         of a constant term in the left-hand side of a constraint.

Read LP format model from file ILPmodel.lp
Reading time = 0.01 seconds
(null): 2523 rows, 1364 columns, 8658 nonzeros

Unable to retrieve attribute 'X'


ERROR 10010: Model too large for current Gurobi license


Gurobi 6.5.1 (mac64) logging started Thu Aug 18 10:59:49 2016

Set parameter TimeLimit to value 3600

Gurobi Optimizer version 6.5.0 build v6.5.1rc3 (mac64)
Copyright (c) 2015, Gurobi Optimization, Inc.

Warning: unknown variable '+' in integer section
Warning: unknown variable '-' in integer section
Warning: unknown variable '20' in integer section
Warning: unknown variable '12' in integer section
Warning: unknown variable '0.500000' in integer section
Warning: unknown variable '2.000000' in integer section
WARNING: Numeric variable name in LP file ('20') - often the result
         of a constant term in the left-hand side of a constraint.

Read LP format model from file ILPmodel.lp
Reading time = 0.01 seconds
(null): 2502 rows, 1349 columns, 8489 nonzeros

Unable to retrieve attribute 'X'


ERROR 10010: Model too large for current Gurobi license


Gurobi 6.5.1 (mac64) logging started Thu Aug 18 11:00:00 2016

Set parameter TimeLimit to value 3600

Gurobi Optimizer version 6.5.0 build v6.5.1rc3 (mac64)
Copyright (c) 2015, Gurobi Optimization, Inc.

Warning: unknown variable '+' in integer section
Warning: unknown variable '-' in integer section
Warning: unknown variable '20' in integer section
Warning: unknown variable '12' in integer section
Warning: unknown variable '0.500000' in integer section
Warning: unknown variable '2.000000' in integer section
WARNING: Numeric variable name in LP file ('20') - often the result
         of a constant term in the left-hand side of a constraint.

Read LP format model from file ILPmodel.lp
Reading time = 0.02 seconds
(null): 4598 rows, 2322 columns, 15713 nonzeros

Unable to retrieve attribute 'X'


ERROR 10010: Model too large for current Gurobi license


Gurobi 6.5.1 (mac64) logging started Thu Aug 18 11:00:11 2016

Set parameter TimeLimit to value 3600

Gurobi Optimizer version 6.5.0 build v6.5.1rc3 (mac64)
Copyright (c) 2015, Gurobi Optimization, Inc.

Warning: unknown variable '+' in integer section
Warning: unknown variable '-' in integer section
Warning: unknown variable '12' in integer section
Warning: unknown variable '20' in integer section
Warning: unknown variable '0.500000' in integer section
Warning: unknown variable '2.000000' in integer section
WARNING: Numeric variable name in LP file ('12') - often the result
         of a constant term in the left-hand side of a constraint.

Read LP format model from file ILPmodel.lp
Reading time = 0.01 seconds
(null): 4242 rows, 2180 columns, 14501 nonzeros

Unable to retrieve attribute 'X'


ERROR 10010: Model too large for current Gurobi license


Gurobi 6.5.1 (mac64) logging started Thu Aug 18 11:00:23 2016

Set parameter TimeLimit to value 3600

Gurobi Optimizer version 6.5.0 build v6.5.1rc3 (mac64)
Copyright (c) 2015, Gurobi Optimization, Inc.

Warning: unknown variable '+' in integer section
Warning: unknown variable '-' in integer section
Warning: unknown variable '20' in integer section
Warning: unknown variable '12' in integer section
Warning: unknown variable '0.500000' in integer section
Warning: unknown variable '2.000000' in integer section
WARNING: Numeric variable name in LP file ('20') - often the result
         of a constant term in the left-hand side of a constraint.

Read LP format model from file ILPmodel.lp
Reading time = 0.02 seconds
(null): 4598 rows, 2322 columns, 15713 nonzeros

Unable to retrieve attribute 'X'


ERROR 10010: Model too large for current Gurobi license


Gurobi 6.5.1 (mac64) logging started Thu Aug 18 11:00:37 2016

Set parameter TimeLimit to value 3600

Gurobi Optimizer version 6.5.0 build v6.5.1rc3 (mac64)
Copyright (c) 2015, Gurobi Optimization, Inc.

Warning: unknown variable '+' in integer section
Warning: unknown variable '-' in integer section
Warning: unknown variable '12' in integer section
Warning: unknown variable '20' in integer section
Warning: unknown variable '0.500000' in integer section
Warning: unknown variable '2.000000' in integer section
WARNING: Numeric variable name in LP file ('12') - often the result
         of a constant term in the left-hand side of a constraint.

Read LP format model from file ILPmodel.lp
Reading time = 0.02 seconds
(null): 4268 rows, 2183 columns, 14562 nonzeros

Unable to retrieve attribute 'X'


ERROR 10010: Model too large for current Gurobi license


Gurobi 6.5.1 (mac64) logging started Thu Aug 18 11:03:06 2016

Set parameter TimeLimit to value 3600

Gurobi Optimizer version 6.5.0 build v6.5.1rc3 (mac64)
Copyright (c) 2015, Gurobi Optimization, Inc.

Warning: unknown variable '+' in integer section
Warning: unknown variable '-' in integer section
Warning: unknown variable '20' in integer section
Warning: unknown variable '12' in integer section
Warning: unknown variable '0.500000' in integer section
Warning: unknown variable '2.000000' in integer section
WARNING: Numeric variable name in LP file ('20') - often the result
         of a constant term in the left-hand side of a constraint.

Read LP format model from file ILPmodel.lp
Reading time = 0.01 seconds
(null): 2483 rows, 1340 columns, 8418 nonzeros

Unable to retrieve attribute 'X'


ERROR 10010: Model too large for current Gurobi license


Gurobi 6.5.1 (mac64) logging started Thu Aug 18 11:03:43 2016

Set parameter TimeLimit to value 3600

Gurobi Optimizer version 6.5.0 build v6.5.1rc3 (mac64)
Copyright (c) 2015, Gurobi Optimization, Inc.

Warning: unknown variable '+' in integer section
Warning: unknown variable '-' in integer section
Warning: unknown variable '12' in integer section
Warning: unknown variable '0.500000' in integer section
Warning: unknown variable '2.000000' in integer section
Warning: unknown variable '20' in integer section
WARNING: Numeric variable name in LP file ('12') - often the result
         of a constant term in the left-hand side of a constraint.

Read LP format model from file ILPmodel.lp
Reading time = 0.01 seconds
(null): 1343 rows, 765 columns, 4075 nonzeros
Optimize a model with 1343 rows, 765 columns and 4075 nonzeros
Coefficient statistics:
  Matrix range    [5e-01, 1e+05]
  Objective range [1e+00, 5e+03]
  Bounds range    [1e+00, 1e+00]
  RHS range       [1e+00, 2e+04]
Presolve removed 521 rows and 325 columns
Presolve time: 0.03s
Presolved: 822 rows, 440 columns, 2263 nonzeros
Variable types: 0 continuous, 440 integer (223 binary)

Root relaxation: objective 6.070810e+05, 415 iterations, 0.01 seconds

    Nodes    |    Current Node    |     Objective Bounds      |     Work
 Expl Unexpl |  Obj  Depth IntInf | Incumbent    BestBd   Gap | It/Node Time

     0     0 607081.042    0  135          - 607081.042      -     -    0s
H    0     0                    613259.00000 607081.042  1.01%     -    0s
H    0     0                    610293.00000 607081.042  0.53%     -    0s
     0     0 607298.782    0  206 610293.000 607298.782  0.49%     -    0s
     0     0 607298.782    0  204 610293.000 607298.782  0.49%     -    0s
     0     0 607559.872    0  170 610293.000 607559.872  0.45%     -    0s
H    0     0                    609023.00000 607559.872  0.24%     -    0s
     0     0 607562.541    0  187 609023.000 607562.541  0.24%     -    0s
     0     0 607609.996    0  155 609023.000 607609.996  0.23%     -    0s
     0     0 607612.822    0  115 609023.000 607612.822  0.23%     -    0s
     0     0 607615.472    0  139 609023.000 607615.472  0.23%     -    0s
     0     0 607616.737    0  146 609023.000 607616.737  0.23%     -    0s
H    0     0                    607934.00000 607616.737  0.05%     -    0s
H    0     0                    607897.00000 607616.737  0.05%     -    0s
     0     0 607616.740    0  146 607897.000 607616.740  0.05%     -    0s
     0     0 607620.178    0  136 607897.000 607620.178  0.05%     -    0s
     0     0 607620.264    0  158 607897.000 607620.264  0.05%     -    0s
     0     0 607626.187    0  158 607897.000 607626.187  0.04%     -    0s
     0     0 607627.835    0  167 607897.000 607627.835  0.04%     -    0s
     0     0 607628.267    0  156 607897.000 607628.267  0.04%     -    0s
     0     0 607628.271    0  155 607897.000 607628.271  0.04%     -    0s
     0     0 607628.286    0  166 607897.000 607628.286  0.04%     -    0s
     0     0 607628.328    0  160 607897.000 607628.328  0.04%     -    0s
     0     0 607628.328    0  160 607897.000 607628.328  0.04%     -    0s
H    0     0                    607884.00000 607628.328  0.04%     -    0s
     0     0 607628.328    0  125 607884.000 607628.328  0.04%     -    0s
     0     0 607628.328    0  180 607884.000 607628.328  0.04%     -    0s
H    0     0                    607864.00000 607628.328  0.04%     -    0s
     0     0 607637.017    0  157 607864.000 607637.017  0.04%     -    0s
     0     0 607645.978    0  169 607864.000 607645.978  0.04%     -    0s
     0     0 607646.916    0  121 607864.000 607646.916  0.04%     -    0s
     0     0 607647.518    0  166 607864.000 607647.518  0.04%     -    0s
     0     0 607647.518    0  166 607864.000 607647.518  0.04%     -    0s
     0     0 607648.793    0  143 607864.000 607648.793  0.04%     -    0s
     0     0 607648.814    0  149 607864.000 607648.814  0.04%     -    0s
     0     0 607648.814    0  144 607864.000 607648.814  0.04%     -    0s
     0     0 607649.167    0  166 607864.000 607649.167  0.04%     -    0s
     0     0 607649.167    0  157 607864.000 607649.167  0.04%     -    0s
     0     0 607649.167    0  150 607864.000 607649.167  0.04%     -    0s
     0     2 607649.167    0  145 607864.000 607649.167  0.04%     -    0s
*   41     8              26    607762.00000 607671.568  0.01%  10.4    0s
*  707   237              27    607761.00000 607693.249  0.01%   7.2    0s
*  825   228              24    607760.00000 607695.401  0.01%   7.0    0s
* 1074   192              23    607758.00000 607702.978  0.01%   7.1    0s

Cutting planes:
  Gomory: 21
  Cover: 1
  Implied bound: 6
  MIR: 46
  Zero half: 2

Explored 1087 nodes (10010 simplex iterations) in 0.80 seconds
Thread count was 4 (of 4 available processors)

Optimal solution found (tolerance 1.00e-04)
Best objective 6.077580000000e+05, best bound 6.077030000000e+05, gap 0.0090%

Wrote result file 'ILPmodel.sol'


Gurobi 6.5.1 (mac64) logging started Thu Aug 18 15:23:19 2016

Set parameter TimeLimit to value 3600

Gurobi Optimizer version 6.5.0 build v6.5.1rc3 (mac64)
Copyright (c) 2015, Gurobi Optimization, Inc.

Warning: unknown variable '+' in integer section
Warning: unknown variable '-' in integer section
Warning: unknown variable '20' in integer section
Warning: unknown variable '0.500000' in integer section
Warning: unknown variable '2.000000' in integer section
Warning: unknown variable '12' in integer section
WARNING: Numeric variable name in LP file ('20') - often the result
         of a constant term in the left-hand side of a constraint.

Read LP format model from file ILPmodel.lp
Reading time = 0.02 seconds
(null): 3819 rows, 1990 columns, 13118 nonzeros

Unable to retrieve attribute 'X'


ERROR 10010: Model too large for current Gurobi license


Gurobi 6.5.1 (mac64) logging started Thu Aug 18 15:23:38 2016

Set parameter TimeLimit to value 3600

Gurobi Optimizer version 6.5.0 build v6.5.1rc3 (mac64)
Copyright (c) 2015, Gurobi Optimization, Inc.

Warning: unknown variable '+' in integer section
Warning: unknown variable '-' in integer section
Warning: unknown variable '20' in integer section
Warning: unknown variable '12' in integer section
Warning: unknown variable '0.500000' in integer section
Warning: unknown variable '2.000000' in integer section
WARNING: Numeric variable name in LP file ('20') - often the result
         of a constant term in the left-hand side of a constraint.

Read LP format model from file ILPmodel.lp
Reading time = 0.01 seconds
(null): 4059 rows, 2101 columns, 13824 nonzeros

Unable to retrieve attribute 'X'


ERROR 10010: Model too large for current Gurobi license


Gurobi 6.5.1 (mac64) logging started Thu Aug 18 15:23:55 2016

Set parameter TimeLimit to value 3600

Gurobi Optimizer version 6.5.0 build v6.5.1rc3 (mac64)
Copyright (c) 2015, Gurobi Optimization, Inc.

Warning: unknown variable '+' in integer section
Warning: unknown variable '-' in integer section
Warning: unknown variable '20' in integer section
Warning: unknown variable '0.500000' in integer section
Warning: unknown variable '2.000000' in integer section
Warning: unknown variable '12' in integer section
WARNING: Numeric variable name in LP file ('20') - often the result
         of a constant term in the left-hand side of a constraint.

Read LP format model from file ILPmodel.lp
Reading time = 0.01 seconds
(null): 4015 rows, 2101 columns, 13736 nonzeros

Unable to retrieve attribute 'X'


ERROR 10010: Model too large for current Gurobi license


Gurobi 6.5.1 (mac64) logging started Thu Aug 18 15:24:14 2016

Set parameter TimeLimit to value 3600

Gurobi Optimizer version 6.5.0 build v6.5.1rc3 (mac64)
Copyright (c) 2015, Gurobi Optimization, Inc.

Warning: unknown variable '+' in integer section
Warning: unknown variable '-' in integer section
Warning: unknown variable '20' in integer section
Warning: unknown variable '0.500000' in integer section
Warning: unknown variable '2.000000' in integer section
Warning: unknown variable '12' in integer section
WARNING: Numeric variable name in LP file ('20') - often the result
         of a constant term in the left-hand side of a constraint.

Read LP format model from file ILPmodel.lp
Reading time = 0.03 seconds
(null): 4038 rows, 2110 columns, 13815 nonzeros

Unable to retrieve attribute 'X'


ERROR 10010: Model too large for current Gurobi license


Gurobi 6.5.1 (mac64) logging started Thu Aug 18 15:24:34 2016

Set parameter TimeLimit to value 3600

Gurobi Optimizer version 6.5.0 build v6.5.1rc3 (mac64)
Copyright (c) 2015, Gurobi Optimization, Inc.

Warning: unknown variable '+' in integer section
Warning: unknown variable '-' in integer section
Warning: unknown variable '20' in integer section
Warning: unknown variable '12' in integer section
Warning: unknown variable '0.500000' in integer section
Warning: unknown variable '2.000000' in integer section
WARNING: Numeric variable name in LP file ('20') - often the result
         of a constant term in the left-hand side of a constraint.

Read LP format model from file ILPmodel.lp
Reading time = 0.02 seconds
(null): 4148 rows, 2152 columns, 14297 nonzeros

Unable to retrieve attribute 'X'


ERROR 10010: Model too large for current Gurobi license


Gurobi 6.5.1 (mac64) logging started Thu Aug 18 15:34:46 2016

Set parameter TimeLimit to value 3600

Gurobi Optimizer version 6.5.1 build v6.5.1rc3 (mac64)
Copyright (c) 2016, Gurobi Optimization, Inc.

Warning: unknown variable '+' in integer section
Warning: unknown variable '-' in integer section
Warning: unknown variable '12' in integer section
Warning: unknown variable '0.500000' in integer section
Warning: unknown variable '2.000000' in integer section
Warning: unknown variable '20' in integer section
WARNING: Numeric variable name in LP file ('12') - often the result
         of a constant term in the left-hand side of a constraint.

Read LP format model from file ILPmodel.lp
Reading time = 0.01 seconds
(null): 1013 rows, 621 columns, 3016 nonzeros
Optimize a model with 1013 rows, 621 columns and 3016 nonzeros
Coefficient statistics:
  Matrix range    [5e-01, 1e+05]
  Objective range [1e+00, 5e+03]
  Bounds range    [1e+00, 1e+00]
  RHS range       [1e+00, 2e+04]
Presolve removed 459 rows and 291 columns
Presolve time: 0.08s
Presolved: 554 rows, 330 columns, 1513 nonzeros
Variable types: 0 continuous, 330 integer (167 binary)

Root relaxation: objective 6.071929e+05, 313 iterations, 0.01 seconds

    Nodes    |    Current Node    |     Objective Bounds      |     Work
 Expl Unexpl |  Obj  Depth IntInf | Incumbent    BestBd   Gap | It/Node Time

     0     0 607192.872    0  120          - 607192.872      -     -    0s
     0     0 607335.034    0   92          - 607335.034      -     -    0s
     0     0 607371.066    0   45          - 607371.066      -     -    0s
     0     0 607371.066    0   27          - 607371.066      -     -    0s
     0     0 607371.366    0   24          - 607371.366      -     -    0s
     0     0 607371.366    0   39          - 607371.366      -     -    0s
     0     0 607371.373    0   61          - 607371.373      -     -    0s
     0     0 607371.381    0   21          - 607371.381      -     -    0s
H    0     0                    807756.00000 607371.381  24.8%     -    0s
H    0     0                    607868.00000 607371.381  0.08%     -    0s
H    0     0                    607777.00000 607371.381  0.07%     -    0s
     0     0 607371.381    0   58 607777.000 607371.381  0.07%     -    0s
     0     0 607371.847    0    9 607777.000 607371.847  0.07%     -    0s
H    0     0                    607560.00000 607371.847  0.03%     -    0s
     0     0 607371.847    0   32 607560.000 607371.847  0.03%     -    0s
     0     0 607371.847    0   13 607560.000 607371.847  0.03%     -    0s
     0     0 607371.847    0    8 607560.000 607371.847  0.03%     -    0s
H    0     0                    607521.00000 607371.847  0.02%     -    0s
H    0     0                    607451.00000 607371.847  0.01%     -    0s
     0     0 607371.847    0   92 607451.000 607371.847  0.01%     -    0s
     0     0 607372.231    0   21 607451.000 607372.231  0.01%     -    0s
H    0     0                    607430.00000 607372.231  0.01%     -    0s

Cutting planes:
  Gomory: 15
  Implied bound: 3
  MIR: 20

Explored 0 nodes (1358 simplex iterations) in 0.34 seconds
Thread count was 4 (of 4 available processors)

Optimal solution found (tolerance 1.00e-04)
Best objective 6.074300000000e+05, best bound 6.073730000000e+05, gap 0.0094%

Wrote result file 'ILPmodel.sol'


Gurobi 6.5.1 (mac64) logging started Thu Aug 18 15:35:52 2016

Set parameter TimeLimit to value 3600

Gurobi Optimizer version 6.5.1 build v6.5.1rc3 (mac64)
Copyright (c) 2016, Gurobi Optimization, Inc.

Warning: unknown variable '+' in integer section
Warning: unknown variable '-' in integer section
Warning: unknown variable '20' in integer section
Warning: unknown variable '12' in integer section
Warning: unknown variable '0.500000' in integer section
Warning: unknown variable '2.000000' in integer section
WARNING: Numeric variable name in LP file ('20') - often the result
         of a constant term in the left-hand side of a constraint.

Read LP format model from file ILPmodel.lp
Reading time = 0.01 seconds
(null): 2408 rows, 1301 columns, 8008 nonzeros

Unable to retrieve attribute 'X'


ERROR 10010: Model too large for current Gurobi license


Gurobi 6.5.1 (mac64) logging started Thu Aug 18 15:36:14 2016

Set parameter TimeLimit to value 3600

Gurobi Optimizer version 6.5.1 build v6.5.1rc3 (mac64)
Copyright (c) 2016, Gurobi Optimization, Inc.

Warning: unknown variable '+' in integer section
Warning: unknown variable '-' in integer section
Warning: unknown variable '20' in integer section
Warning: unknown variable '12' in integer section
Warning: unknown variable '0.500000' in integer section
Warning: unknown variable '2.000000' in integer section
WARNING: Numeric variable name in LP file ('20') - often the result
         of a constant term in the left-hand side of a constraint.

Read LP format model from file ILPmodel.lp
Reading time = 0.03 seconds
(null): 4804 rows, 2391 columns, 16529 nonzeros

Unable to retrieve attribute 'X'


ERROR 10010: Model too large for current Gurobi license


Gurobi 6.5.1 (mac64) logging started Thu Aug 18 15:36:38 2016

Set parameter TimeLimit to value 3600

Gurobi Optimizer version 6.5.1 build v6.5.1rc3 (mac64)
Copyright (c) 2016, Gurobi Optimization, Inc.

Warning: unknown variable '+' in integer section
Warning: unknown variable '-' in integer section
Warning: unknown variable '12' in integer section
Warning: unknown variable '20' in integer section
Warning: unknown variable '0.500000' in integer section
Warning: unknown variable '2.000000' in integer section
WARNING: Numeric variable name in LP file ('12') - often the result
         of a constant term in the left-hand side of a constraint.

Read LP format model from file ILPmodel.lp
Reading time = 0.03 seconds
(null): 4242 rows, 2180 columns, 14501 nonzeros

Unable to retrieve attribute 'X'


ERROR 10010: Model too large for current Gurobi license


Gurobi 6.5.1 (mac64) logging started Thu Aug 18 15:37:02 2016

Set parameter TimeLimit to value 3600

Gurobi Optimizer version 6.5.1 build v6.5.1rc3 (mac64)
Copyright (c) 2016, Gurobi Optimization, Inc.

Warning: unknown variable '+' in integer section
Warning: unknown variable '-' in integer section
Warning: unknown variable '20' in integer section
Warning: unknown variable '12' in integer section
Warning: unknown variable '0.500000' in integer section
Warning: unknown variable '2.000000' in integer section
WARNING: Numeric variable name in LP file ('20') - often the result
         of a constant term in the left-hand side of a constraint.

Read LP format model from file ILPmodel.lp
Reading time = 0.03 seconds
(null): 4598 rows, 2322 columns, 15713 nonzeros

Unable to retrieve attribute 'X'


ERROR 10010: Model too large for current Gurobi license


Gurobi 6.5.1 (mac64) logging started Thu Aug 18 15:37:31 2016

Set parameter TimeLimit to value 3600

Gurobi Optimizer version 6.5.1 build v6.5.1rc3 (mac64)
Copyright (c) 2016, Gurobi Optimization, Inc.

Warning: unknown variable '+' in integer section
Warning: unknown variable '-' in integer section
Warning: unknown variable '12' in integer section
Warning: unknown variable '20' in integer section
Warning: unknown variable '0.500000' in integer section
Warning: unknown variable '2.000000' in integer section
WARNING: Numeric variable name in LP file ('12') - often the result
         of a constant term in the left-hand side of a constraint.

Read LP format model from file ILPmodel.lp
Reading time = 0.02 seconds
(null): 4543 rows, 2285 columns, 15758 nonzeros

Unable to retrieve attribute 'X'


ERROR 10010: Model too large for current Gurobi license


Gurobi 6.5.1 (mac64) logging started Thu Aug 18 19:07:15 2016

Set parameter TimeLimit to value 3600

Gurobi Optimizer version 6.5.0 build v6.5.1rc3 (mac64)
Copyright (c) 2015, Gurobi Optimization, Inc.

Warning: unknown variable '+' in integer section
Warning: unknown variable '-' in integer section
Warning: unknown variable '20' in integer section
Warning: unknown variable '12' in integer section
Warning: unknown variable '0.500000' in integer section
Warning: unknown variable '2.000000' in integer section
WARNING: Numeric variable name in LP file ('20') - often the result
         of a constant term in the left-hand side of a constraint.

Read LP format model from file ILPmodel.lp
Reading time = 0.01 seconds
(null): 2502 rows, 1349 columns, 8489 nonzeros

Unable to retrieve attribute 'X'


ERROR 10010: Model too large for current Gurobi license


Gurobi 6.5.1 (mac64) logging started Thu Aug 18 19:07:18 2016

Set parameter TimeLimit to value 3600

Gurobi Optimizer version 6.5.0 build v6.5.1rc3 (mac64)
Copyright (c) 2015, Gurobi Optimization, Inc.

Warning: unknown variable '+' in integer section
Warning: unknown variable '-' in integer section
Warning: unknown variable '20' in integer section
Warning: unknown variable '12' in integer section
Warning: unknown variable '0.500000' in integer section
Warning: unknown variable '2.000000' in integer section
WARNING: Numeric variable name in LP file ('20') - often the result
         of a constant term in the left-hand side of a constraint.

Read LP format model from file ILPmodel.lp
Reading time = 0.02 seconds
(null): 4804 rows, 2391 columns, 16529 nonzeros

Unable to retrieve attribute 'X'


ERROR 10010: Model too large for current Gurobi license


Gurobi 6.5.1 (mac64) logging started Thu Aug 18 19:07:21 2016

Set parameter TimeLimit to value 3600

Gurobi Optimizer version 6.5.0 build v6.5.1rc3 (mac64)
Copyright (c) 2015, Gurobi Optimization, Inc.

Warning: unknown variable '+' in integer section
Warning: unknown variable '-' in integer section
Warning: unknown variable '12' in integer section
Warning: unknown variable '20' in integer section
Warning: unknown variable '0.500000' in integer section
Warning: unknown variable '2.000000' in integer section
WARNING: Numeric variable name in LP file ('12') - often the result
         of a constant term in the left-hand side of a constraint.

Read LP format model from file ILPmodel.lp
Reading time = 0.03 seconds
(null): 4507 rows, 2312 columns, 15755 nonzeros

Unable to retrieve attribute 'X'


ERROR 10010: Model too large for current Gurobi license


Gurobi 6.5.1 (mac64) logging started Thu Aug 18 19:07:25 2016

Set parameter TimeLimit to value 3600

Gurobi Optimizer version 6.5.0 build v6.5.1rc3 (mac64)
Copyright (c) 2015, Gurobi Optimization, Inc.

Warning: unknown variable '+' in integer section
Warning: unknown variable '-' in integer section
Warning: unknown variable '20' in integer section
Warning: unknown variable '12' in integer section
Warning: unknown variable '0.500000' in integer section
Warning: unknown variable '2.000000' in integer section
WARNING: Numeric variable name in LP file ('20') - often the result
         of a constant term in the left-hand side of a constraint.

Read LP format model from file ILPmodel.lp
Reading time = 0.02 seconds
(null): 4598 rows, 2322 columns, 15713 nonzeros

Unable to retrieve attribute 'X'


ERROR 10010: Model too large for current Gurobi license


Gurobi 6.5.1 (mac64) logging started Thu Aug 18 19:07:31 2016

Set parameter TimeLimit to value 3600

Gurobi Optimizer version 6.5.0 build v6.5.1rc3 (mac64)
Copyright (c) 2015, Gurobi Optimization, Inc.

Warning: unknown variable '+' in integer section
Warning: unknown variable '-' in integer section
Warning: unknown variable '12' in integer section
Warning: unknown variable '20' in integer section
Warning: unknown variable '0.500000' in integer section
Warning: unknown variable '2.000000' in integer section
WARNING: Numeric variable name in LP file ('12') - often the result
         of a constant term in the left-hand side of a constraint.

Read LP format model from file ILPmodel.lp
Reading time = 0.02 seconds
(null): 4543 rows, 2285 columns, 15758 nonzeros

Unable to retrieve attribute 'X'


ERROR 10010: Model too large for current Gurobi license


Gurobi 6.5.1 (mac64) logging started Thu Aug 18 19:12:37 2016


ERROR 10009: Invalid license key (user smaniotto, host MacBook-Air-de-Gustavo.local, hostID 3b68f3da) - license file '/Users/Smaniotto/gurobi.lic'


Gurobi 6.5.1 (mac64) logging started Thu Aug 18 19:13:18 2016

Set parameter TimeLimit to value 3600

Gurobi Optimizer version 6.5.0 build v6.5.1rc3 (mac64)
Copyright (c) 2015, Gurobi Optimization, Inc.

Warning: unknown variable '+' in integer section
Warning: unknown variable '-' in integer section
Warning: unknown variable '20' in integer section
Warning: unknown variable '12' in integer section
Warning: unknown variable '0.500000' in integer section
Warning: unknown variable '2.000000' in integer section
WARNING: Numeric variable name in LP file ('20') - often the result
         of a constant term in the left-hand side of a constraint.

Read LP format model from file ILPmodel.lp
Reading time = 0.01 seconds
(null): 2408 rows, 1301 columns, 8008 nonzeros

Unable to retrieve attribute 'X'


ERROR 10010: Model too large for current Gurobi license


Gurobi 6.5.1 (mac64) logging started Thu Aug 18 19:13:26 2016

Set parameter TimeLimit to value 3600

Gurobi Optimizer version 6.5.0 build v6.5.1rc3 (mac64)
Copyright (c) 2015, Gurobi Optimization, Inc.

Warning: unknown variable '+' in integer section
Warning: unknown variable '-' in integer section
Warning: unknown variable '20' in integer section
Warning: unknown variable '12' in integer section
Warning: unknown variable '0.500000' in integer section
Warning: unknown variable '2.000000' in integer section
WARNING: Numeric variable name in LP file ('20') - often the result
         of a constant term in the left-hand side of a constraint.

Read LP format model from file ILPmodel.lp
Reading time = 0.02 seconds
(null): 4804 rows, 2391 columns, 16529 nonzeros

Unable to retrieve attribute 'X'


ERROR 10010: Model too large for current Gurobi license


Gurobi 6.5.1 (mac64) logging started Thu Aug 18 19:13:36 2016

Set parameter TimeLimit to value 3600

Gurobi Optimizer version 6.5.0 build v6.5.1rc3 (mac64)
Copyright (c) 2015, Gurobi Optimization, Inc.

Warning: unknown variable '+' in integer section
Warning: unknown variable '-' in integer section
Warning: unknown variable '12' in integer section
Warning: unknown variable '20' in integer section
Warning: unknown variable '0.500000' in integer section
Warning: unknown variable '2.000000' in integer section
WARNING: Numeric variable name in LP file ('12') - often the result
         of a constant term in the left-hand side of a constraint.

Read LP format model from file ILPmodel.lp
Reading time = 0.03 seconds
(null): 4242 rows, 2180 columns, 14501 nonzeros

Unable to retrieve attribute 'X'


ERROR 10010: Model too large for current Gurobi license


Gurobi 6.5.1 (mac64) logging started Thu Aug 18 19:13:48 2016

Set parameter TimeLimit to value 3600

Gurobi Optimizer version 6.5.0 build v6.5.1rc3 (mac64)
Copyright (c) 2015, Gurobi Optimization, Inc.

Warning: unknown variable '+' in integer section
Warning: unknown variable '-' in integer section
Warning: unknown variable '20' in integer section
Warning: unknown variable '12' in integer section
Warning: unknown variable '0.500000' in integer section
Warning: unknown variable '2.000000' in integer section
WARNING: Numeric variable name in LP file ('20') - often the result
         of a constant term in the left-hand side of a constraint.

Read LP format model from file ILPmodel.lp
Reading time = 0.03 seconds
(null): 4598 rows, 2322 columns, 15713 nonzeros

Unable to retrieve attribute 'X'


ERROR 10010: Model too large for current Gurobi license


Gurobi 6.5.1 (mac64) logging started Thu Aug 18 19:14:00 2016

Set parameter TimeLimit to value 3600

Gurobi Optimizer version 6.5.0 build v6.5.1rc3 (mac64)
Copyright (c) 2015, Gurobi Optimization, Inc.

Warning: unknown variable '+' in integer section
Warning: unknown variable '-' in integer section
Warning: unknown variable '12' in integer section
Warning: unknown variable '20' in integer section
Warning: unknown variable '0.500000' in integer section
Warning: unknown variable '2.000000' in integer section
WARNING: Numeric variable name in LP file ('12') - often the result
         of a constant term in the left-hand side of a constraint.

Read LP format model from file ILPmodel.lp
Reading time = 0.02 seconds
(null): 4543 rows, 2285 columns, 15758 nonzeros

Unable to retrieve attribute 'X'


ERROR 10010: Model too large for current Gurobi license


Gurobi 6.5.1 (mac64) logging started Thu Aug 18 23:37:34 2016

Set parameter TimeLimit to value 3600

Gurobi Optimizer version 6.5.0 build v6.5.1rc3 (mac64)
Copyright (c) 2015, Gurobi Optimization, Inc.

Warning: unknown variable '+' in integer section
Warning: unknown variable '-' in integer section
Warning: unknown variable '20' in integer section
Warning: unknown variable '12' in integer section
Warning: unknown variable '0.500000' in integer section
Warning: unknown variable '2.000000' in integer section
WARNING: Numeric variable name in LP file ('20') - often the result
         of a constant term in the left-hand side of a constraint.

Read LP format model from file ILPmodel.lp
Reading time = 0.01 seconds
(null): 2502 rows, 1349 columns, 8489 nonzeros

Unable to retrieve attribute 'X'


ERROR 10010: Model too large for current Gurobi license


Gurobi 6.5.1 (mac64) logging started Thu Aug 18 23:37:36 2016

Set parameter TimeLimit to value 3600

Gurobi Optimizer version 6.5.0 build v6.5.1rc3 (mac64)
Copyright (c) 2015, Gurobi Optimization, Inc.

Warning: unknown variable '+' in integer section
Warning: unknown variable '-' in integer section
Warning: unknown variable '20' in integer section
Warning: unknown variable '12' in integer section
Warning: unknown variable '0.500000' in integer section
Warning: unknown variable '2.000000' in integer section
WARNING: Numeric variable name in LP file ('20') - often the result
         of a constant term in the left-hand side of a constraint.

Read LP format model from file ILPmodel.lp
Reading time = 0.02 seconds
(null): 4804 rows, 2391 columns, 16529 nonzeros

Unable to retrieve attribute 'X'


ERROR 10010: Model too large for current Gurobi license


Gurobi 6.5.1 (mac64) logging started Thu Aug 18 23:37:40 2016

Set parameter TimeLimit to value 3600

Gurobi Optimizer version 6.5.0 build v6.5.1rc3 (mac64)
Copyright (c) 2015, Gurobi Optimization, Inc.

Warning: unknown variable '+' in integer section
Warning: unknown variable '-' in integer section
Warning: unknown variable '12' in integer section
Warning: unknown variable '20' in integer section
Warning: unknown variable '0.500000' in integer section
Warning: unknown variable '2.000000' in integer section
WARNING: Numeric variable name in LP file ('12') - often the result
         of a constant term in the left-hand side of a constraint.

Read LP format model from file ILPmodel.lp
Reading time = 0.02 seconds
(null): 4507 rows, 2312 columns, 15755 nonzeros

Unable to retrieve attribute 'X'


ERROR 10010: Model too large for current Gurobi license


Gurobi 6.5.1 (mac64) logging started Thu Aug 18 23:37:44 2016

Set parameter TimeLimit to value 3600

Gurobi Optimizer version 6.5.0 build v6.5.1rc3 (mac64)
Copyright (c) 2015, Gurobi Optimization, Inc.

Warning: unknown variable '+' in integer section
Warning: unknown variable '-' in integer section
Warning: unknown variable '20' in integer section
Warning: unknown variable '12' in integer section
Warning: unknown variable '0.500000' in integer section
Warning: unknown variable '2.000000' in integer section
WARNING: Numeric variable name in LP file ('20') - often the result
         of a constant term in the left-hand side of a constraint.

Read LP format model from file ILPmodel.lp
Reading time = 0.02 seconds
(null): 4598 rows, 2322 columns, 15713 nonzeros

Unable to retrieve attribute 'X'


ERROR 10010: Model too large for current Gurobi license


Gurobi 6.5.1 (mac64) logging started Thu Aug 18 23:37:49 2016

Set parameter TimeLimit to value 3600

Gurobi Optimizer version 6.5.0 build v6.5.1rc3 (mac64)
Copyright (c) 2015, Gurobi Optimization, Inc.

Warning: unknown variable '+' in integer section
Warning: unknown variable '-' in integer section
Warning: unknown variable '12' in integer section
Warning: unknown variable '20' in integer section
Warning: unknown variable '0.500000' in integer section
Warning: unknown variable '2.000000' in integer section
WARNING: Numeric variable name in LP file ('12') - often the result
         of a constant term in the left-hand side of a constraint.

Read LP format model from file ILPmodel.lp
Reading time = 0.02 seconds
(null): 4543 rows, 2285 columns, 15758 nonzeros

Unable to retrieve attribute 'X'


ERROR 10010: Model too large for current Gurobi license


Gurobi 6.5.1 (mac64) logging started Fri Aug 19 00:42:17 2016

Set parameter TimeLimit to value 3600

Gurobi Optimizer version 6.5.0 build v6.5.1rc3 (mac64)
Copyright (c) 2015, Gurobi Optimization, Inc.

Warning: unknown variable '+' in integer section
Warning: unknown variable '-' in integer section
Warning: unknown variable '12' in integer section
Warning: unknown variable '0.500000' in integer section
Warning: unknown variable '2.000000' in integer section
Warning: unknown variable '20' in integer section
WARNING: Numeric variable name in LP file ('12') - often the result
         of a constant term in the left-hand side of a constraint.

Read LP format model from file ILPmodel.lp
Reading time = 0.01 seconds
(null): 1343 rows, 765 columns, 4075 nonzeros
Optimize a model with 1343 rows, 765 columns and 4075 nonzeros
Coefficient statistics:
  Matrix range    [5e-01, 1e+05]
  Objective range [1e+00, 5e+03]
  Bounds range    [1e+00, 1e+00]
  RHS range       [1e+00, 2e+04]
Presolve removed 521 rows and 325 columns
Presolve time: 0.03s
Presolved: 822 rows, 440 columns, 2263 nonzeros
Variable types: 0 continuous, 440 integer (223 binary)

Root relaxation: objective 6.070810e+05, 415 iterations, 0.01 seconds

    Nodes    |    Current Node    |     Objective Bounds      |     Work
 Expl Unexpl |  Obj  Depth IntInf | Incumbent    BestBd   Gap | It/Node Time

     0     0 607081.042    0  135          - 607081.042      -     -    0s
H    0     0                    613259.00000 607081.042  1.01%     -    0s
H    0     0                    610293.00000 607081.042  0.53%     -    0s
     0     0 607298.782    0  206 610293.000 607298.782  0.49%     -    0s
     0     0 607298.782    0  204 610293.000 607298.782  0.49%     -    0s
     0     0 607559.872    0  170 610293.000 607559.872  0.45%     -    0s
H    0     0                    609023.00000 607559.872  0.24%     -    0s
     0     0 607562.541    0  187 609023.000 607562.541  0.24%     -    0s
     0     0 607609.996    0  155 609023.000 607609.996  0.23%     -    0s
     0     0 607612.822    0  115 609023.000 607612.822  0.23%     -    0s
     0     0 607615.472    0  139 609023.000 607615.472  0.23%     -    0s
     0     0 607616.737    0  146 609023.000 607616.737  0.23%     -    0s
H    0     0                    607934.00000 607616.737  0.05%     -    0s
H    0     0                    607897.00000 607616.737  0.05%     -    0s
     0     0 607616.740    0  146 607897.000 607616.740  0.05%     -    0s
     0     0 607620.178    0  136 607897.000 607620.178  0.05%     -    0s
     0     0 607620.264    0  158 607897.000 607620.264  0.05%     -    0s
     0     0 607626.187    0  158 607897.000 607626.187  0.04%     -    0s
     0     0 607627.835    0  167 607897.000 607627.835  0.04%     -    0s
     0     0 607628.267    0  156 607897.000 607628.267  0.04%     -    0s
     0     0 607628.271    0  155 607897.000 607628.271  0.04%     -    0s
     0     0 607628.286    0  166 607897.000 607628.286  0.04%     -    0s
     0     0 607628.328    0  160 607897.000 607628.328  0.04%     -    0s
     0     0 607628.328    0  160 607897.000 607628.328  0.04%     -    0s
H    0     0                    607884.00000 607628.328  0.04%     -    0s
     0     0 607628.328    0  125 607884.000 607628.328  0.04%     -    0s
     0     0 607628.328    0  180 607884.000 607628.328  0.04%     -    0s
H    0     0                    607864.00000 607628.328  0.04%     -    0s
     0     0 607637.017    0  157 607864.000 607637.017  0.04%     -    0s
     0     0 607645.978    0  169 607864.000 607645.978  0.04%     -    0s
     0     0 607646.916    0  121 607864.000 607646.916  0.04%     -    0s
     0     0 607647.518    0  166 607864.000 607647.518  0.04%     -    0s
     0     0 607647.518    0  166 607864.000 607647.518  0.04%     -    0s
     0     0 607648.793    0  143 607864.000 607648.793  0.04%     -    0s
     0     0 607648.814    0  149 607864.000 607648.814  0.04%     -    0s
     0     0 607648.814    0  144 607864.000 607648.814  0.04%     -    0s
     0     0 607649.167    0  166 607864.000 607649.167  0.04%     -    0s
     0     0 607649.167    0  157 607864.000 607649.167  0.04%     -    0s
     0     0 607649.167    0  150 607864.000 607649.167  0.04%     -    0s
     0     2 607649.167    0  145 607864.000 607649.167  0.04%     -    0s
*   41     8              26    607762.00000 607671.568  0.01%  10.4    0s
*  707   237              27    607761.00000 607693.249  0.01%   7.2    0s
*  825   228              24    607760.00000 607695.401  0.01%   7.0    0s
* 1074   192              23    607758.00000 607702.978  0.01%   7.1    0s

Cutting planes:
  Gomory: 21
  Cover: 1
  Implied bound: 6
  MIR: 46
  Zero half: 2

Explored 1087 nodes (10010 simplex iterations) in 0.76 seconds
Thread count was 4 (of 4 available processors)

Optimal solution found (tolerance 1.00e-04)
Best objective 6.077580000000e+05, best bound 6.077030000000e+05, gap 0.0090%

Wrote result file 'ILPmodel.sol'


Gurobi 6.5.1 (mac64) logging started Fri Aug 19 00:47:32 2016

Set parameter TimeLimit to value 3600

Gurobi Optimizer version 6.5.0 build v6.5.1rc3 (mac64)
Copyright (c) 2015, Gurobi Optimization, Inc.

Warning: unknown variable '+' in integer section
Warning: unknown variable '-' in integer section
Warning: unknown variable '20' in integer section
Warning: unknown variable '12' in integer section
Warning: unknown variable '0.500000' in integer section
Warning: unknown variable '2.000000' in integer section
WARNING: Numeric variable name in LP file ('20') - often the result
         of a constant term in the left-hand side of a constraint.

Read LP format model from file ILPmodel.lp
Reading time = 0.01 seconds
(null): 3149 rows, 1632 columns, 10431 nonzeros

Unable to retrieve attribute 'X'


ERROR 10010: Model too large for current Gurobi license


Gurobi 6.5.1 (mac64) logging started Fri Aug 19 00:47:36 2016

Set parameter TimeLimit to value 3600

Gurobi Optimizer version 6.5.0 build v6.5.1rc3 (mac64)
Copyright (c) 2015, Gurobi Optimization, Inc.

Warning: unknown variable '+' in integer section
Warning: unknown variable '-' in integer section
Warning: unknown variable '20' in integer section
Warning: unknown variable '12' in integer section
Warning: unknown variable '0.500000' in integer section
Warning: unknown variable '2.000000' in integer section
WARNING: Numeric variable name in LP file ('20') - often the result
         of a constant term in the left-hand side of a constraint.

Read LP format model from file ILPmodel.lp
Reading time = 0.02 seconds
(null): 6443 rows, 3108 columns, 22115 nonzeros

Unable to retrieve attribute 'X'


ERROR 10010: Model too large for current Gurobi license


Gurobi 6.5.1 (mac64) logging started Fri Aug 19 00:47:40 2016

Set parameter TimeLimit to value 3600

Gurobi Optimizer version 6.5.0 build v6.5.1rc3 (mac64)
Copyright (c) 2015, Gurobi Optimization, Inc.

Warning: unknown variable '+' in integer section
Warning: unknown variable '-' in integer section
Warning: unknown variable '20' in integer section
Warning: unknown variable '12' in integer section
Warning: unknown variable '0.500000' in integer section
Warning: unknown variable '2.000000' in integer section
WARNING: Numeric variable name in LP file ('20') - often the result
         of a constant term in the left-hand side of a constraint.

Read LP format model from file ILPmodel.lp
Reading time = 0.03 seconds
(null): 8470 rows, 3957 columns, 29408 nonzeros

Unable to retrieve attribute 'X'


ERROR 10010: Model too large for current Gurobi license


Gurobi 6.5.1 (mac64) logging started Fri Aug 19 00:47:45 2016

Set parameter TimeLimit to value 3600

Gurobi Optimizer version 6.5.0 build v6.5.1rc3 (mac64)
Copyright (c) 2015, Gurobi Optimization, Inc.

Warning: unknown variable '+' in integer section
Warning: unknown variable '-' in integer section
Warning: unknown variable '20' in integer section
Warning: unknown variable '12' in integer section
Warning: unknown variable '0.500000' in integer section
Warning: unknown variable '2.000000' in integer section
WARNING: Numeric variable name in LP file ('20') - often the result
         of a constant term in the left-hand side of a constraint.

Read LP format model from file ILPmodel.lp
Reading time = 0.02 seconds
(null): 7398 rows, 3522 columns, 25298 nonzeros

Unable to retrieve attribute 'X'


ERROR 10010: Model too large for current Gurobi license


Gurobi 6.5.1 (mac64) logging started Fri Aug 19 00:47:50 2016

Set parameter TimeLimit to value 3600

Gurobi Optimizer version 6.5.0 build v6.5.1rc3 (mac64)
Copyright (c) 2015, Gurobi Optimization, Inc.

Warning: unknown variable '+' in integer section
Warning: unknown variable '-' in integer section
Warning: unknown variable '20' in integer section
Warning: unknown variable '12' in integer section
Warning: unknown variable '0.500000' in integer section
Warning: unknown variable '2.000000' in integer section
WARNING: Numeric variable name in LP file ('20') - often the result
         of a constant term in the left-hand side of a constraint.

Read LP format model from file ILPmodel.lp
Reading time = 0.03 seconds
(null): 7891 rows, 3723 columns, 27137 nonzeros

Unable to retrieve attribute 'X'


ERROR 10010: Model too large for current Gurobi license


Gurobi 6.5.1 (mac64) logging started Fri Aug 19 19:34:58 2016

Set parameter TimeLimit to value 3600

Gurobi Optimizer version 6.5.0 build v6.5.1rc3 (mac64)
Copyright (c) 2015, Gurobi Optimization, Inc.

Warning: unknown variable '+' in integer section
Warning: unknown variable '-' in integer section
Warning: unknown variable '20' in integer section
Warning: unknown variable '12' in integer section
Warning: unknown variable '0.500000' in integer section
Warning: unknown variable '2.000000' in integer section
WARNING: Numeric variable name in LP file ('20') - often the result
         of a constant term in the left-hand side of a constraint.

Read LP format model from file ILPmodel.lp
Reading time = 0.01 seconds
(null): 3149 rows, 1632 columns, 10431 nonzeros
Optimize a model with 3149 rows, 1632 columns and 10431 nonzeros
Coefficient statistics:
  Matrix range    [5e-01, 1e+05]
  Objective range [1e+00, 5e+03]
  Bounds range    [1e+00, 1e+00]
  RHS range       [1e+00, 2e+04]
Presolve removed 1072 rows and 526 columns
Presolve time: 0.05s
Presolved: 2077 rows, 1106 columns, 5909 nonzeros
Variable types: 0 continuous, 1106 integer (647 binary)

Root relaxation: objective 1.215772e+06, 976 iterations, 0.03 seconds

    Nodes    |    Current Node    |     Objective Bounds      |     Work
 Expl Unexpl |  Obj  Depth IntInf | Incumbent    BestBd   Gap | It/Node Time

     0     0 1215772.43    0  384          - 1215772.43      -     -    0s
     0     0 1216171.61    0  357          - 1216171.61      -     -    0s
     0     0 1216322.52    0  378          - 1216322.52      -     -    0s
     0     0 1216331.64    0  385          - 1216331.64      -     -    0s
     0     0 1216353.32    0  381          - 1216353.32      -     -    0s
     0     0 1216356.24    0  294          - 1216356.24      -     -    0s
     0     0 1216361.00    0  354          - 1216361.00      -     -    0s
     0     0 1216362.10    0  363          - 1216362.10      -     -    0s
     0     0 1216362.10    0  366          - 1216362.10      -     -    0s
     0     0 1216362.21    0  335          - 1216362.21      -     -    0s
     0     0 1216362.25    0  335          - 1216362.25      -     -    0s
     0     0 1216362.25    0  337          - 1216362.25      -     -    0s
     0     0 1216362.25    0  336          - 1216362.25      -     -    0s
H    0     0                    1217353.0000 1216362.25  0.08%     -    0s
H    0     0                    1217083.0000 1216362.25  0.06%     -    0s
H    0     0                    1216739.0000 1216362.25  0.03%     -    0s
     0     0 1216362.25    0  344 1216739.00 1216362.25  0.03%     -    0s
     0     0 1216364.50    0  269 1216739.00 1216364.50  0.03%     -    0s
     0     0 1216386.34    0  308 1216739.00 1216386.34  0.03%     -    0s
     0     0 1216390.90    0  311 1216739.00 1216390.90  0.03%     -    0s
     0     0 1216390.96    0  321 1216739.00 1216390.96  0.03%     -    0s
     0     0 1216391.41    0  324 1216739.00 1216391.41  0.03%     -    0s
     0     0 1216392.89    0  301 1216739.00 1216392.89  0.03%     -    0s
     0     0 1216392.93    0  304 1216739.00 1216392.93  0.03%     -    0s
     0     0 1216393.71    0  306 1216739.00 1216393.71  0.03%     -    0s
     0     0 1216393.71    0  304 1216739.00 1216393.71  0.03%     -    0s
     0     2 1216393.71    0  303 1216739.00 1216393.71  0.03%     -    0s
*  119    86              59    1216591.0000 1216407.23  0.02%   6.5    0s
H  161   111                    1216542.0000 1216407.23  0.01%   6.2    0s
H  376   272                    1216535.0000 1216408.08  0.01%   5.8    1s
*  729   357              49    1216519.0000 1216413.70  0.01%   5.6    1s

Cutting planes:
  Gomory: 28
  Implied bound: 8
  MIR: 83
  Zero half: 4

Explored 732 nodes (8233 simplex iterations) in 1.18 seconds
Thread count was 4 (of 4 available processors)

Optimal solution found (tolerance 1.00e-04)
Best objective 1.216519000000e+06, best bound 1.216414000000e+06, gap 0.0086%

Wrote result file 'ILPmodel.sol'


Gurobi 6.5.0 (mac64) logging started Fri Aug 19 22:54:58 2016

Set parameter TimeLimit to value 3600

Gurobi Optimizer version 6.5.0 build v6.5.0rc1 (mac64)
Copyright (c) 2015, Gurobi Optimization, Inc.

Warning: unknown variable '+' in integer section
Warning: unknown variable '-' in integer section
Warning: unknown variable '0.500000' in integer section
Warning: unknown variable '2.000000' in integer section
WARNING: Numeric variable name in LP file ('0.500000') - often the result
         of a constant term in the left-hand side of a constraint.

Read LP format model from file ILPmodel.lp
Reading time = 0.01 seconds
(null): 2962 rows, 1555 columns, 9993 nonzeros

Unable to retrieve attribute 'X'


ERROR 10010: Model too large for current Gurobi license


Gurobi 6.5.0 (mac64) logging started Fri Aug 19 22:55:17 2016

Set parameter TimeLimit to value 3600

Gurobi Optimizer version 6.5.0 build v6.5.0rc1 (mac64)
Copyright (c) 2015, Gurobi Optimization, Inc.

Warning: unknown variable '+' in integer section
Warning: unknown variable '-' in integer section
Warning: unknown variable '0.500000' in integer section
Warning: unknown variable '2.000000' in integer section
WARNING: Numeric variable name in LP file ('0.500000') - often the result
         of a constant term in the left-hand side of a constraint.

Read LP format model from file ILPmodel.lp
Reading time = 0.01 seconds
(null): 2920 rows, 1525 columns, 9891 nonzeros

Unable to retrieve attribute 'X'


ERROR 10010: Model too large for current Gurobi license


Gurobi 6.5.0 (mac64) logging started Fri Aug 19 22:55:29 2016

Set parameter TimeLimit to value 3600

Gurobi Optimizer version 6.5.0 build v6.5.0rc1 (mac64)
Copyright (c) 2015, Gurobi Optimization, Inc.

Warning: unknown variable '+' in integer section
Warning: unknown variable '-' in integer section
Warning: unknown variable '0.500000' in integer section
Warning: unknown variable '2.000000' in integer section
WARNING: Numeric variable name in LP file ('0.500000') - often the result
         of a constant term in the left-hand side of a constraint.

Read LP format model from file ILPmodel.lp
Reading time = 0.01 seconds
(null): 2928 rows, 1525 columns, 9907 nonzeros

Unable to retrieve attribute 'X'


ERROR 10010: Model too large for current Gurobi license


Gurobi 6.5.0 (mac64) logging started Fri Aug 19 22:55:38 2016

Set parameter TimeLimit to value 3600

Gurobi Optimizer version 6.5.0 build v6.5.0rc1 (mac64)
Copyright (c) 2015, Gurobi Optimization, Inc.

Warning: unknown variable '+' in integer section
Warning: unknown variable '-' in integer section
Warning: unknown variable '0.500000' in integer section
Warning: unknown variable '2.000000' in integer section
WARNING: Numeric variable name in LP file ('0.500000') - often the result
         of a constant term in the left-hand side of a constraint.

Read LP format model from file ILPmodel.lp
Reading time = 0.01 seconds
(null): 2920 rows, 1525 columns, 9891 nonzeros

Unable to retrieve attribute 'X'


ERROR 10010: Model too large for current Gurobi license


Gurobi 6.5.0 (mac64) logging started Fri Aug 19 22:56:05 2016

Set parameter TimeLimit to value 3600

Gurobi Optimizer version 6.5.0 build v6.5.0rc1 (mac64)
Copyright (c) 2015, Gurobi Optimization, Inc.

Warning: unknown variable '+' in integer section
Warning: unknown variable '-' in integer section
Warning: unknown variable '12' in integer section
Warning: unknown variable '0.500000' in integer section
Warning: unknown variable '2.000000' in integer section
Warning: unknown variable '20' in integer section
WARNING: Numeric variable name in LP file ('12') - often the result
         of a constant term in the left-hand side of a constraint.

Read LP format model from file ILPmodel.lp
Reading time = 0.01 seconds
(null): 1343 rows, 765 columns, 4075 nonzeros
Optimize a model with 1343 rows, 765 columns and 4075 nonzeros
Coefficient statistics:
  Matrix range    [5e-01, 1e+05]
  Objective range [1e+00, 5e+03]
  Bounds range    [1e+00, 1e+00]
  RHS range       [1e+00, 2e+04]
Presolve removed 521 rows and 325 columns
Presolve time: 0.04s
Presolved: 822 rows, 440 columns, 2263 nonzeros
Variable types: 0 continuous, 440 integer (223 binary)

Root relaxation: objective 6.070810e+05, 415 iterations, 0.01 seconds

    Nodes    |    Current Node    |     Objective Bounds      |     Work
 Expl Unexpl |  Obj  Depth IntInf | Incumbent    BestBd   Gap | It/Node Time

     0     0 607081.042    0  135          - 607081.042      -     -    0s
H    0     0                    613259.00000 607081.042  1.01%     -    0s
H    0     0                    610293.00000 607081.042  0.53%     -    0s
     0     0 607298.782    0  206 610293.000 607298.782  0.49%     -    0s
     0     0 607298.782    0  204 610293.000 607298.782  0.49%     -    0s
     0     0 607559.872    0  170 610293.000 607559.872  0.45%     -    0s
H    0     0                    609023.00000 607559.872  0.24%     -    0s
     0     0 607562.541    0  187 609023.000 607562.541  0.24%     -    0s
     0     0 607609.996    0  155 609023.000 607609.996  0.23%     -    0s
     0     0 607612.822    0  115 609023.000 607612.822  0.23%     -    0s
     0     0 607615.472    0  139 609023.000 607615.472  0.23%     -    0s
     0     0 607616.737    0  146 609023.000 607616.737  0.23%     -    0s
H    0     0                    607934.00000 607616.737  0.05%     -    0s
H    0     0                    607897.00000 607616.737  0.05%     -    0s
     0     0 607616.740    0  146 607897.000 607616.740  0.05%     -    0s
     0     0 607620.178    0  136 607897.000 607620.178  0.05%     -    0s
     0     0 607620.264    0  158 607897.000 607620.264  0.05%     -    0s
     0     0 607626.187    0  158 607897.000 607626.187  0.04%     -    0s
     0     0 607627.835    0  167 607897.000 607627.835  0.04%     -    0s
     0     0 607628.267    0  156 607897.000 607628.267  0.04%     -    0s
     0     0 607628.271    0  155 607897.000 607628.271  0.04%     -    0s
     0     0 607628.286    0  166 607897.000 607628.286  0.04%     -    0s
     0     0 607628.328    0  160 607897.000 607628.328  0.04%     -    0s
     0     0 607628.328    0  160 607897.000 607628.328  0.04%     -    0s
H    0     0                    607884.00000 607628.328  0.04%     -    0s
     0     0 607628.328    0  125 607884.000 607628.328  0.04%     -    0s
     0     0 607628.328    0  180 607884.000 607628.328  0.04%     -    0s
H    0     0                    607864.00000 607628.328  0.04%     -    0s
     0     0 607637.017    0  157 607864.000 607637.017  0.04%     -    0s
     0     0 607645.978    0  169 607864.000 607645.978  0.04%     -    0s
     0     0 607646.916    0  121 607864.000 607646.916  0.04%     -    0s
     0     0 607647.518    0  166 607864.000 607647.518  0.04%     -    0s
     0     0 607647.518    0  166 607864.000 607647.518  0.04%     -    0s
     0     0 607648.793    0  143 607864.000 607648.793  0.04%     -    0s
     0     0 607648.814    0  149 607864.000 607648.814  0.04%     -    0s
     0     0 607648.814    0  144 607864.000 607648.814  0.04%     -    0s
     0     0 607649.167    0  166 607864.000 607649.167  0.04%     -    0s
     0     0 607649.167    0  157 607864.000 607649.167  0.04%     -    0s
     0     0 607649.167    0  150 607864.000 607649.167  0.04%     -    0s
     0     2 607649.167    0  145 607864.000 607649.167  0.04%     -    0s
*   41     8              26    607762.00000 607671.568  0.01%  10.4    0s
*  707   237              27    607761.00000 607693.249  0.01%   7.2    0s
*  825   228              24    607760.00000 607695.401  0.01%   7.0    0s
* 1074   192              23    607758.00000 607702.978  0.01%   7.1    0s

Cutting planes:
  Gomory: 21
  Cover: 1
  Implied bound: 6
  MIR: 46
  Zero half: 2

Explored 1087 nodes (10010 simplex iterations) in 0.84 seconds
Thread count was 4 (of 4 available processors)

Optimal solution found (tolerance 1.00e-04)
Best objective 6.077580000000e+05, best bound 6.077030000000e+05, gap 0.0090%

Wrote result file 'ILPmodel.sol'


Gurobi 6.5.1 (mac64) logging started Sat Aug 20 14:09:32 2016

Set parameter TimeLimit to value 3600

Gurobi Optimizer version 6.5.0 build v6.5.1rc3 (mac64)
Copyright (c) 2015, Gurobi Optimization, Inc.

Warning: unknown variable '+' in integer section
Warning: unknown variable '-' in integer section
Warning: unknown variable '20' in integer section
Warning: unknown variable '12' in integer section
Warning: unknown variable '0.500000' in integer section
Warning: unknown variable '2.000000' in integer section
WARNING: Numeric variable name in LP file ('20') - often the result
         of a constant term in the left-hand side of a constraint.

Read LP format model from file ILPmodel.lp
Reading time = 0.02 seconds
(null): 6346 rows, 3088 columns, 21862 nonzeros
Optimize a model with 6346 rows, 3088 columns and 21862 nonzeros
Coefficient statistics:
  Matrix range    [5e-01, 1e+05]
  Objective range [1e+00, 5e+03]
  Bounds range    [1e+00, 1e+00]
  RHS range       [1e+00, 2e+04]
Presolve removed 1631 rows and 885 columns
Presolve time: 0.10s
Presolved: 4715 rows, 2203 columns, 13831 nonzeros
Variable types: 0 continuous, 2203 integer (1412 binary)

Root relaxation: objective 1.823639e+06, 1954 iterations, 0.04 seconds

    Nodes    |    Current Node    |     Objective Bounds      |     Work
 Expl Unexpl |  Obj  Depth IntInf | Incumbent    BestBd   Gap | It/Node Time

     0     0 1823639.24    0  667          - 1823639.24      -     -    0s
     0     0 1824251.71    0  555          - 1824251.71      -     -    0s
     0     0 1824252.21    0  553          - 1824252.21      -     -    0s
     0     0 1824763.49    0  727          - 1824763.49      -     -    0s
     0     0 1824775.79    0  724          - 1824775.79      -     -    0s
     0     0 1824854.02    0  631          - 1824854.02      -     -    0s
     0     0 1824861.57    0  622          - 1824861.57      -     -    0s
     0     0 1824884.69    0  725          - 1824884.69      -     -    0s
     0     0 1824884.69    0  725          - 1824884.69      -     -    0s
     0     0 1824886.43    0  717          - 1824886.43      -     -    0s
     0     0 1824887.24    0  717          - 1824887.24      -     -    0s
     0     0 1824925.31    0  715          - 1824925.31      -     -    0s
     0     0 1824925.31    0  708          - 1824925.31      -     -    0s
     0     0 1824925.31    0  712          - 1824925.31      -     -    0s
     0     0 1824925.31    0  712          - 1824925.31      -     -    0s
     0     0 1824925.31    0  710          - 1824925.31      -     -    0s
     0     0 1824925.31    0  712          - 1824925.31      -     -    0s
     0     0 1824925.31    0  623          - 1824925.31      -     -    1s
     0     0 1824925.31    0  622          - 1824925.31      -     -    1s
     0     0 1824925.31    0  617          - 1824925.31      -     -    1s
     0     0 1824925.31    0  619          - 1824925.31      -     -    1s
     0     0 1824925.31    0  618          - 1824925.31      -     -    1s
     0     0 1824925.31    0  618          - 1824925.31      -     -    1s
H    0     0                    1828254.0000 1824925.31  0.18%     -    1s
H    0     0                    1826610.0000 1824925.31  0.09%     -    1s
     0     2 1824925.31    0  417 1826610.00 1824925.31  0.09%     -    1s
H  141   138                    1826436.0000 1824945.85  0.08%  12.7    1s
H  148   144                    1826371.0000 1824945.85  0.08%  12.6    1s
H  177   178                    1826289.0000 1824945.85  0.07%  12.1    1s
H  182   184                    1825735.0000 1824945.85  0.04%  12.4    1s
H  209   206                    1825616.0000 1824945.85  0.04%  12.4    2s
H  216   214                    1825445.0000 1824945.85  0.03%  12.1    2s
H  285   188                    1825345.0000 1824956.38  0.02%  10.9    2s
H  679   463                    1825306.0000 1824956.40  0.02%   9.4    2s
*  679   463             134    1825306.0000 1824956.40  0.02%   9.4    2s
   760   521 1825091.00    6  527 1825306.00 1825091.00  0.01%   9.2    5s
H 1286   631                    1825221.0000 1825100.80  0.01%  12.8    7s
* 1286   631              79    1825221.0000 1825100.80  0.01%  12.8    7s

Cutting planes:
  Gomory: 65
  Cover: 2
  Implied bound: 1
  Clique: 2
  MIR: 45
  Flow cover: 62
  Zero half: 4

Explored 1336 nodes (29078 simplex iterations) in 7.93 seconds
Thread count was 4 (of 4 available processors)

Optimal solution found (tolerance 1.00e-04)
Best objective 1.825221000000e+06, best bound 1.825101000000e+06, gap 0.0066%

Wrote result file 'ILPmodel.sol'


Gurobi 6.5.1 (mac64) logging started Sat Aug 20 14:09:42 2016

Set parameter TimeLimit to value 3600

Gurobi Optimizer version 6.5.0 build v6.5.1rc3 (mac64)
Copyright (c) 2015, Gurobi Optimization, Inc.

Warning: unknown variable '+' in integer section
Warning: unknown variable '-' in integer section
Warning: unknown variable '20' in integer section
Warning: unknown variable '12' in integer section
Warning: unknown variable '0.500000' in integer section
Warning: unknown variable '2.000000' in integer section
WARNING: Numeric variable name in LP file ('20') - often the result
         of a constant term in the left-hand side of a constraint.

Read LP format model from file ILPmodel.lp
Reading time = 0.02 seconds
(null): 6346 rows, 3088 columns, 21862 nonzeros
Optimize a model with 6346 rows, 3088 columns and 21862 nonzeros
Coefficient statistics:
  Matrix range    [5e-01, 1e+05]
  Objective range [1e+00, 5e+03]
  Bounds range    [1e+00, 1e+00]
  RHS range       [1e+00, 2e+04]
Presolve removed 1631 rows and 885 columns
Presolve time: 0.11s
Presolved: 4715 rows, 2203 columns, 13831 nonzeros
Variable types: 0 continuous, 2203 integer (1412 binary)

Root relaxation: objective 1.823639e+06, 1954 iterations, 0.04 seconds

    Nodes    |    Current Node    |     Objective Bounds      |     Work
 Expl Unexpl |  Obj  Depth IntInf | Incumbent    BestBd   Gap | It/Node Time

     0     0 1823639.24    0  667          - 1823639.24      -     -    0s
     0     0 1824251.71    0  555          - 1824251.71      -     -    0s
     0     0 1824252.21    0  553          - 1824252.21      -     -    0s
     0     0 1824763.49    0  727          - 1824763.49      -     -    0s
     0     0 1824775.79    0  724          - 1824775.79      -     -    0s
     0     0 1824854.02    0  631          - 1824854.02      -     -    0s
     0     0 1824861.57    0  622          - 1824861.57      -     -    0s
     0     0 1824884.69    0  725          - 1824884.69      -     -    0s
     0     0 1824884.69    0  725          - 1824884.69      -     -    0s
     0     0 1824886.43    0  717          - 1824886.43      -     -    0s
     0     0 1824887.24    0  717          - 1824887.24      -     -    0s
     0     0 1824925.31    0  715          - 1824925.31      -     -    0s
     0     0 1824925.31    0  708          - 1824925.31      -     -    0s
     0     0 1824925.31    0  712          - 1824925.31      -     -    0s
     0     0 1824925.31    0  712          - 1824925.31      -     -    0s
     0     0 1824925.31    0  710          - 1824925.31      -     -    0s
     0     0 1824925.31    0  712          - 1824925.31      -     -    0s
     0     0 1824925.31    0  623          - 1824925.31      -     -    1s
     0     0 1824925.31    0  622          - 1824925.31      -     -    1s
     0     0 1824925.31    0  617          - 1824925.31      -     -    1s
     0     0 1824925.31    0  619          - 1824925.31      -     -    1s
     0     0 1824925.31    0  618          - 1824925.31      -     -    1s
     0     0 1824925.31    0  618          - 1824925.31      -     -    1s
H    0     0                    1828254.0000 1824925.31  0.18%     -    1s
H    0     0                    1826610.0000 1824925.31  0.09%     -    1s
     0     2 1824925.31    0  417 1826610.00 1824925.31  0.09%     -    1s
H  141   138                    1826436.0000 1824945.85  0.08%  12.7    1s
H  148   144                    1826371.0000 1824945.85  0.08%  12.6    1s
H  177   178                    1826289.0000 1824945.85  0.07%  12.1    1s
H  182   184                    1825735.0000 1824945.85  0.04%  12.4    1s
H  209   206                    1825616.0000 1824945.85  0.04%  12.4    1s
H  216   214                    1825445.0000 1824945.85  0.03%  12.1    1s
H  285   188                    1825345.0000 1824956.38  0.02%  10.9    2s
H  679   463                    1825306.0000 1824956.40  0.02%   9.4    2s
*  679   463             134    1825306.0000 1824956.40  0.02%   9.4    2s
   761   522 1825117.99   30  527 1825306.00 1825091.12  0.01%   9.2    5s
H 1286   631                    1825221.0000 1825100.80  0.01%  12.8    7s
* 1286   631              79    1825221.0000 1825100.80  0.01%  12.8    7s

Cutting planes:
  Gomory: 65
  Cover: 2
  Implied bound: 1
  Clique: 2
  MIR: 45
  Flow cover: 62
  Zero half: 4

Explored 1336 nodes (29078 simplex iterations) in 7.88 seconds
Thread count was 4 (of 4 available processors)

Optimal solution found (tolerance 1.00e-04)
Best objective 1.825221000000e+06, best bound 1.825101000000e+06, gap 0.0066%

Wrote result file 'ILPmodel.sol'


Gurobi 6.5.1 (mac64) logging started Sat Aug 20 16:03:41 2016

Set parameter TimeLimit to value 3600

Gurobi Optimizer version 6.5.0 build v6.5.1rc3 (mac64)
Copyright (c) 2015, Gurobi Optimization, Inc.

Warning: unknown variable '+' in integer section
Warning: unknown variable '-' in integer section
Warning: unknown variable '20' in integer section
Warning: unknown variable '0.500000' in integer section
Warning: unknown variable '2.000000' in integer section
Warning: unknown variable '12' in integer section
WARNING: Numeric variable name in LP file ('20') - often the result
         of a constant term in the left-hand side of a constraint.

Read LP format model from file ILPmodel.lp
Reading time = 0.01 seconds
(null): 2108 rows, 1176 columns, 6848 nonzeros
Optimize a model with 2108 rows, 1176 columns and 6848 nonzeros
Coefficient statistics:
  Matrix range    [5e-01, 1e+05]
  Objective range [1e+00, 5e+03]
  Bounds range    [1e+00, 1e+00]
  RHS range       [1e+00, 2e+04]
Presolve removed 771 rows and 410 columns
Presolve time: 0.04s
Presolved: 1337 rows, 766 columns, 3778 nonzeros
Variable types: 0 continuous, 766 integer (446 binary)

Root relaxation: objective 1.012390e+06, 600 iterations, 0.01 seconds

    Nodes    |    Current Node    |     Objective Bounds      |     Work
 Expl Unexpl |  Obj  Depth IntInf | Incumbent    BestBd   Gap | It/Node Time

     0     0 1012390.32    0  251          - 1012390.32      -     -    0s
H    0     0                    1018310.0000 1012390.32  0.58%     -    0s
H    0     0                    1016401.0000 1012390.32  0.39%     -    0s
     0     0 1012810.77    0  263 1016401.00 1012810.77  0.35%     -    0s
H    0     0                    1015380.0000 1012810.77  0.25%     -    0s
     0     0 1012810.77    0  262 1015380.00 1012810.77  0.25%     -    0s
     0     0 1013069.05    0  231 1015380.00 1013069.05  0.23%     -    0s
H    0     0                    1015002.0000 1013069.05  0.19%     -    0s
     0     0 1013083.85    0  209 1015002.00 1013083.85  0.19%     -    0s
     0     0 1013101.75    0  268 1015002.00 1013101.75  0.19%     -    0s
H    0     0                    1014272.0000 1013101.75  0.12%     -    0s
     0     0 1013101.76    0  268 1014272.00 1013101.76  0.12%     -    0s
     0     0 1013103.42    0  271 1014272.00 1013103.42  0.12%     -    0s
     0     0 1013103.42    0  271 1014272.00 1013103.42  0.12%     -    0s
     0     0 1013103.42    0  262 1014272.00 1013103.42  0.12%     -    0s
     0     0 1013103.42    0  263 1014272.00 1013103.42  0.12%     -    0s
     0     0 1013103.42    0  264 1014272.00 1013103.42  0.12%     -    0s
     0     0 1013103.42    0  255 1014272.00 1013103.42  0.12%     -    0s
H    0     0                    1013782.0000 1013103.42  0.07%     -    0s
H    0     0                    1013654.0000 1013103.42  0.05%     -    0s
     0     0 1013103.42    0  223 1013654.00 1013103.42  0.05%     -    0s
     0     0 1013103.42    0  183 1013654.00 1013103.42  0.05%     -    0s
     0     0 1013159.11    0  203 1013654.00 1013159.11  0.05%     -    0s
     0     0 1013209.84    0  180 1013654.00 1013209.84  0.04%     -    0s
     0     0 1013209.84    0  182 1013654.00 1013209.84  0.04%     -    0s
     0     0 1013214.32    0  111 1013654.00 1013214.32  0.04%     -    0s
     0     0 1013214.39    0  182 1013654.00 1013214.39  0.04%     -    0s
     0     0 1013217.06    0  186 1013654.00 1013217.06  0.04%     -    0s
     0     0 1013217.13    0  180 1013654.00 1013217.13  0.04%     -    0s
     0     0 1013217.57    0  163 1013654.00 1013217.57  0.04%     -    0s
     0     0 1013217.57    0  160 1013654.00 1013217.57  0.04%     -    0s
     0     2 1013217.57    0  148 1013654.00 1013217.57  0.04%     -    0s
H  119    59                    1013457.0000 1013228.35  0.02%   6.3    0s
*  119    59              43    1013457.0000 1013228.35  0.02%   6.3    0s
H  207   158                    1013405.0000 1013238.01  0.02%   6.3    0s
*  226   127              46    1013344.0000 1013240.19  0.01%   6.2    0s
*  393   145              31    1013322.0000 1013242.98  0.01%   5.5    0s

Cutting planes:
  Gomory: 23
  Implied bound: 5
  MIR: 55
  Flow cover: 1
  Zero half: 1

Explored 404 nodes (5225 simplex iterations) in 0.72 seconds
Thread count was 4 (of 4 available processors)

Optimal solution found (tolerance 1.00e-04)
Best objective 1.013322000000e+06, best bound 1.013243000000e+06, gap 0.0078%

Wrote result file 'ILPmodel.sol'


Gurobi 6.5.1 (mac64) logging started Sat Aug 20 16:09:54 2016

Set parameter TimeLimit to value 3600

Gurobi Optimizer version 6.5.0 build v6.5.1rc3 (mac64)
Copyright (c) 2015, Gurobi Optimization, Inc.

Warning: unknown variable '+' in integer section
Warning: unknown variable '-' in integer section
Warning: unknown variable '20' in integer section
Warning: unknown variable '12' in integer section
Warning: unknown variable '0.500000' in integer section
Warning: unknown variable '2.000000' in integer section
WARNING: Numeric variable name in LP file ('20') - often the result
         of a constant term in the left-hand side of a constraint.

Read LP format model from file ILPmodel.lp
Reading time = 0.04 seconds
(null): 11781 rows, 5350 columns, 40554 nonzeros
Optimize a model with 11781 rows, 5350 columns and 40554 nonzeros
Coefficient statistics:
  Matrix range    [5e-01, 1e+05]
  Objective range [1e+00, 5e+03]
  Bounds range    [1e+00, 1e+00]
  RHS range       [1e+00, 2e+04]
Presolve removed 1163 rows and 872 columns
Presolve time: 0.01s

Explored 0 nodes (0 simplex iterations) in 0.05 seconds
Thread count was 1 (of 4 available processors)

Model is infeasible or unbounded
Best objective -, best bound -, gap -

Unable to retrieve attribute 'X'


Gurobi 6.5.1 (mac64) logging started Sat Aug 20 16:10:15 2016

Set parameter TimeLimit to value 3600

Gurobi Optimizer version 6.5.0 build v6.5.1rc3 (mac64)
Copyright (c) 2015, Gurobi Optimization, Inc.

Warning: unknown variable '+' in integer section
Warning: unknown variable '-' in integer section
Warning: unknown variable '20' in integer section
Warning: unknown variable '12' in integer section
Warning: unknown variable '0.500000' in integer section
Warning: unknown variable '2.000000' in integer section
WARNING: Numeric variable name in LP file ('20') - often the result
         of a constant term in the left-hand side of a constraint.

Read LP format model from file ILPmodel.lp
Reading time = 0.10 seconds
(null): 30509 rows, 12867 columns, 105691 nonzeros
Optimize a model with 30509 rows, 12867 columns and 105691 nonzeros
Coefficient statistics:
  Matrix range    [5e-01, 1e+05]
  Objective range [1e+00, 5e+03]
  Bounds range    [1e+00, 1e+00]
  RHS range       [1e+00, 2e+04]
Presolve removed 2403 rows and 1902 columns
Presolve time: 0.05s

Explored 0 nodes (0 simplex iterations) in 0.16 seconds
Thread count was 1 (of 4 available processors)

Model is infeasible or unbounded
Best objective -, best bound -, gap -

Unable to retrieve attribute 'X'


Gurobi 6.5.1 (mac64) logging started Sat Aug 20 16:10:30 2016

Set parameter TimeLimit to value 3600

Gurobi Optimizer version 6.5.0 build v6.5.1rc3 (mac64)
Copyright (c) 2015, Gurobi Optimization, Inc.

Warning: unknown variable '+' in integer section
Warning: unknown variable '-' in integer section
Warning: unknown variable '12' in integer section
Warning: unknown variable '20' in integer section
Warning: unknown variable '0.500000' in integer section
Warning: unknown variable '2.000000' in integer section
WARNING: Numeric variable name in LP file ('12') - often the result
         of a constant term in the left-hand side of a constraint.

Read LP format model from file ILPmodel.lp
Reading time = 0.11 seconds
(null): 30425 rows, 12908 columns, 105447 nonzeros
Optimize a model with 30425 rows, 12908 columns and 105447 nonzeros
Coefficient statistics:
  Matrix range    [5e-01, 1e+05]
  Objective range [1e+00, 5e+03]
  Bounds range    [1e+00, 1e+00]
  RHS range       [1e+00, 2e+04]
Presolve removed 8946 rows and 4098 columns
Presolve time: 0.65s
Presolved: 21479 rows, 8810 columns, 60436 nonzeros
Variable types: 0 continuous, 8810 integer (5378 binary)

Root relaxation: objective 9.914476e+06, 8458 iterations, 0.28 seconds

    Nodes    |    Current Node    |     Objective Bounds      |     Work
 Expl Unexpl |  Obj  Depth IntInf | Incumbent    BestBd   Gap | It/Node Time

     0     0 9914476.18    0 2293          - 9914476.18      -     -    2s
     0     0 9916428.23    0 2232          - 9916428.23      -     -    4s
     0     0 9916435.03    0 1723          - 9916435.03      -     -    4s
     0     0 9917105.43    0 2817          - 9917105.43      -     -    4s
     0     0 9917148.99    0 2980          - 9917148.99      -     -    4s
     0     0 9917293.91    0 2010          - 9917293.91      -     -    5s
     0     0 9917297.26    0 1799          - 9917297.26      -     -    5s
     0     0 9917317.52    0 2706          - 9917317.52      -     -    5s
     0     0 9917318.82    0 2243          - 9917318.82      -     -    5s
     0     0 9917326.97    0 2259          - 9917326.97      -     -    5s
     0     0 9917326.97    0 2259          - 9917326.97      -     -    5s
     0     0 9917411.40    0 2537          - 9917411.40      -     -    6s
     0     0 9917424.06    0 2633          - 9917424.06      -     -    6s
     0     0 9917426.03    0 2642          - 9917426.03      -     -    6s
     0     0 9917426.03    0 2644          - 9917426.03      -     -    6s
     0     0 9917426.47    0 2658          - 9917426.47      -     -    6s
     0     0 9917426.47    0 2658          - 9917426.47      -     -    6s
     0     0 9917426.47    0 2378          - 9917426.47      -     -    7s
     0     0 9917426.47    0 2394          - 9917426.47      -     -    7s
     0     0 9917430.18    0 2398          - 9917430.18      -     -    8s
     0     0 9917430.18    0 2360          - 9917430.18      -     -    8s
H    0     0                    9928389.0000 9917430.18  0.11%     -   10s
H    0     0                    9924313.0000 9917430.18  0.07%     -   10s
     0     2 9917430.18    0 2312 9924313.00 9917430.18  0.07%     -   11s
H  288   236                    9923529.0000 9917447.89  0.06%  20.0   14s
H  316   268                    9919563.0000 9917447.89  0.02%  19.7   14s
   330   277 9918706.25  125  313 9919563.00 9917447.89  0.02%  20.1   15s
   731   641 9918961.15  262 2360 9919563.00 9917447.89  0.02%  13.9   20s
   736   644 9918414.75   29 1918 9919563.00 9918183.30  0.01%  13.8   25s
   741   648 9918691.95  102 1571 9919563.00 9918359.38  0.01%  13.7   30s
   745   650 9918906.33  247 2441 9919563.00 9918405.56  0.01%  13.6   35s
   750   654 9918826.30  248 2204 9919563.00 9918435.55  0.01%  13.5   41s
   754   656 9918441.25   11 2235 9919563.00 9918441.25  0.01%  13.5   45s
   759   660 9918742.68  179 2385 9919563.00 9918447.88  0.01%  13.4   50s
   765   664 9918906.33  247 2348 9919563.00 9918461.10  0.01%  13.3   55s
   772   668 9918672.50   84 2370 9919563.00 9918461.67  0.01%  13.1   60s
   779   675 9918742.68  179 2136 9919563.00 9918461.67  0.01%  68.6   65s
   783   677 9918529.94   40 2213 9919563.00 9918479.63  0.01%  68.2   70s
   789   681 9918883.44  234 2107 9919563.00 9918496.59  0.01%  67.7   75s
   794   685 9918500.16   11 2144 9919563.00 9918500.16  0.01%  67.3   80s
   799   688 9918742.68  179 2144 9919563.00 9918500.50  0.01%  66.9   85s
   804   693 9918580.68   24 2156 9919563.00 9918505.03  0.01%   115   90s
   842   718 9918524.10   37 1719 9919563.00 9918514.70  0.01%   113   95s
  1285  1014 9918641.91  140  162 9919563.00 9918514.70  0.01%  85.3  100s
H 1710  1226                    9919186.0000 9918514.70  0.01%  68.7  103s
* 1750  1104             271    9918861.0000 9918514.70  0.00%  67.3  103s

Cutting planes:
  Gomory: 171
  Cover: 13
  Implied bound: 22
  MIR: 92
  Flow cover: 391
  Zero half: 7
  Mod-K: 2

Explored 1755 nodes (149592 simplex iterations) in 103.80 seconds
Thread count was 4 (of 4 available processors)

Optimal solution found (tolerance 1.00e-04)
Best objective 9.918861000000e+06, best bound 9.918514695113e+06, gap 0.0035%

Wrote result file 'ILPmodel.sol'

