read "/Users/adrieljr/Dropbox/Astran/build/Work/teste.run"
set lpsolve "/Library/gurobi502/mac64/bin/gurobi_cl"
load technology "/Users/adrieljr/Dropbox/Astran/build/Work/tech_0065.rul"
load netlist "/Users/adrieljr/Dropbox/Astran/build/Work/Biblioteca.sp"
cellgen set pos_tracks 5
cellgen set nr_tracks 2
cellgen select INV0
cellgen fold
cellgen place 150 3 3 4 1 4 2
cellgen route 0 0 0 0
cellgen compact 2 3 5 10
cellgen set pos_tracks 5
cellgen set nr_tracks 2
cellgen select AOI21_CORE_2
cellgen fold
cellgen place 150 3 3 4 1 4 2
cellgen route 0 0 0 0
cellgen compact 2 3 5 10
cellgen set pos_tracks 5
cellgen set nr_tracks 2
cellgen select CLINV1
cellgen fold
cellgen place 150 3 3 4 1 4 2
cellgen route 0 0 0 0
cellgen compact 2 3 5 10
cellgen set pos_tracks 5
cellgen set nr_tracks 2
cellgen select CLINVA_CORE_1
cellgen fold
cellgen place 150 3 3 4 1 4 2
cellgen route 0 0 0 0
cellgen compact 2 3 5 10
cellgen set pos_tracks 5
cellgen set nr_tracks 2
cellgen select DDB0
cellgen fold
cellgen place 150 3 3 4 1 4 2
cellgen route 0 0 0 0
cellgen compact 2 3 5 10
cellgen set pos_tracks 5
cellgen set nr_tracks 2
cellgen select DFP1
cellgen fold
cellgen place 150 3 3 4 1 4 2
cellgen route 0 0 0 0
cellgen compact 2 3 5 10
